d:\flappybird-main\tyrant\tyrant.dir\debug\cmake_pch.pch
d:\flappybird-main\tyrant\tyrant.dir\debug\vc142.pdb
d:\flappybird-main\tyrant\tyrant.dir\debug\cmake_pch.obj
d:\flappybird-main\tyrant\tyrant.dir\debug\tyrant.obj
d:\flappybird-main\tyrant\tyrant.dir\debug\level.obj
d:\flappybird-main\tyrant\tyrant.dir\debug\application.obj
d:\flappybird-main\tyrant\tyrant.dir\debug\gameobject.obj
d:\flappybird-main\tyrant\tyrant.dir\debug\entity.obj
d:\flappybird-main\tyrant\tyrant.dir\debug\movementcomp.obj
d:\flappybird-main\tyrant\tyrant.dir\debug\physicsmovementcomp.obj
d:\flappybird-main\tyrant\tyrant.dir\debug\collisioncomp.obj
d:\flappybird-main\tyrant\cmakefiles\generate.stamp
d:\flappybird-main\tyrant\debug\tyrant.dll
d:\flappybird-main\tyrant\debug\tyrant.ilk
d:\flappybird-main\tyrant\debug\tyrant.pdb
d:\flappybird-main\tyrant\debug\tyrant.lib
d:\flappybird-main\tyrant\debug\tyrant.exp
d:\flappybird-main\tyrant\tyrant.dir\debug\tyrant.tlog\cl.command.1.tlog
d:\flappybird-main\tyrant\tyrant.dir\debug\tyrant.tlog\cl.read.1.tlog
d:\flappybird-main\tyrant\tyrant.dir\debug\tyrant.tlog\cl.write.1.tlog
d:\flappybird-main\tyrant\tyrant.dir\debug\tyrant.tlog\custombuild.command.1.tlog
d:\flappybird-main\tyrant\tyrant.dir\debug\tyrant.tlog\custombuild.read.1.tlog
d:\flappybird-main\tyrant\tyrant.dir\debug\tyrant.tlog\custombuild.write.1.tlog
d:\flappybird-main\tyrant\tyrant.dir\debug\tyrant.tlog\link-cvtres.read.1.tlog
d:\flappybird-main\tyrant\tyrant.dir\debug\tyrant.tlog\link-cvtres.write.1.tlog
d:\flappybird-main\tyrant\tyrant.dir\debug\tyrant.tlog\link-rc.read.1.tlog
d:\flappybird-main\tyrant\tyrant.dir\debug\tyrant.tlog\link-rc.write.1.tlog
d:\flappybird-main\tyrant\tyrant.dir\debug\tyrant.tlog\link.12684.delete.1.tlog
d:\flappybird-main\tyrant\tyrant.dir\debug\tyrant.tlog\link.14936.delete.1.tlog
d:\flappybird-main\tyrant\tyrant.dir\debug\tyrant.tlog\link.16484.delete.1.tlog
d:\flappybird-main\tyrant\tyrant.dir\debug\tyrant.tlog\link.18716.delete.1.tlog
d:\flappybird-main\tyrant\tyrant.dir\debug\tyrant.tlog\link.19828.delete.1.tlog
d:\flappybird-main\tyrant\tyrant.dir\debug\tyrant.tlog\link.20296.delete.1.tlog
d:\flappybird-main\tyrant\tyrant.dir\debug\tyrant.tlog\link.21268.delete.1.tlog
d:\flappybird-main\tyrant\tyrant.dir\debug\tyrant.tlog\link.2368.delete.1.tlog
d:\flappybird-main\tyrant\tyrant.dir\debug\tyrant.tlog\link.24260.delete.1.tlog
d:\flappybird-main\tyrant\tyrant.dir\debug\tyrant.tlog\link.28280.delete.1.tlog
d:\flappybird-main\tyrant\tyrant.dir\debug\tyrant.tlog\link.32588-cvtres.read.1.tlog
d:\flappybird-main\tyrant\tyrant.dir\debug\tyrant.tlog\link.32588-cvtres.write.1.tlog
d:\flappybird-main\tyrant\tyrant.dir\debug\tyrant.tlog\link.32588-rc.read.1.tlog
d:\flappybird-main\tyrant\tyrant.dir\debug\tyrant.tlog\link.32588-rc.write.1.tlog
d:\flappybird-main\tyrant\tyrant.dir\debug\tyrant.tlog\link.32588.delete.1.tlog
d:\flappybird-main\tyrant\tyrant.dir\debug\tyrant.tlog\link.32588.read.1.tlog
d:\flappybird-main\tyrant\tyrant.dir\debug\tyrant.tlog\link.32588.read.2.tlog
d:\flappybird-main\tyrant\tyrant.dir\debug\tyrant.tlog\link.32588.write.1.tlog
d:\flappybird-main\tyrant\tyrant.dir\debug\tyrant.tlog\link.33860.delete.1.tlog
d:\flappybird-main\tyrant\tyrant.dir\debug\tyrant.tlog\link.36988.delete.1.tlog
d:\flappybird-main\tyrant\tyrant.dir\debug\tyrant.tlog\link.39104.delete.1.tlog
d:\flappybird-main\tyrant\tyrant.dir\debug\tyrant.tlog\link.39944.delete.1.tlog
d:\flappybird-main\tyrant\tyrant.dir\debug\tyrant.tlog\link.8812.delete.1.tlog
d:\flappybird-main\tyrant\tyrant.dir\debug\tyrant.tlog\link.command.1.tlog
d:\flappybird-main\tyrant\tyrant.dir\debug\tyrant.tlog\link.delete.1.tlog
d:\flappybird-main\tyrant\tyrant.dir\debug\tyrant.tlog\link.read.1.tlog
d:\flappybird-main\tyrant\tyrant.dir\debug\tyrant.tlog\link.read.2.tlog
d:\flappybird-main\tyrant\tyrant.dir\debug\tyrant.tlog\link.write.1.tlog
d:\flappybird-main\tyrant\tyrant.dir\debug\tyrant.tlog\tyrant.write.1u.tlog
