d:\flappybird-main\flappybird.dir\debug\cmake_pch.pch
d:\flappybird-main\flappybird.dir\debug\vc142.pdb
d:\flappybird-main\flappybird.dir\debug\cmake_pch.obj
d:\flappybird-main\flappybird.dir\debug\flappybirdapp.obj
d:\flappybird-main\flappybird.dir\debug\main.obj
d:\flappybird-main\flappybird.dir\debug\maingamelevel.obj
d:\flappybird-main\flappybird.dir\debug\bird.obj
d:\flappybird-main\flappybird.dir\debug\pipegenerator.obj
d:\flappybird-main\flappybird.dir\debug\pipe.obj
d:\flappybird-main\cmakefiles\generate.stamp
d:\flappybird-main\debug\flappybird.ilk
d:\flappybird-main\debug\flappybird.exe
d:\flappybird-main\debug\flappybird.pdb
d:\flappybird-main\flappybird.dir\debug\flappybird.tlog\cl.command.1.tlog
d:\flappybird-main\flappybird.dir\debug\flappybird.tlog\cl.read.1.tlog
d:\flappybird-main\flappybird.dir\debug\flappybird.tlog\cl.write.1.tlog
d:\flappybird-main\flappybird.dir\debug\flappybird.tlog\custombuild.command.1.tlog
d:\flappybird-main\flappybird.dir\debug\flappybird.tlog\custombuild.read.1.tlog
d:\flappybird-main\flappybird.dir\debug\flappybird.tlog\custombuild.write.1.tlog
d:\flappybird-main\flappybird.dir\debug\flappybird.tlog\link.command.1.tlog
d:\flappybird-main\flappybird.dir\debug\flappybird.tlog\link.read.1.tlog
d:\flappybird-main\flappybird.dir\debug\flappybird.tlog\link.write.1.tlog
